441,,.trn,Object 1,4,5.10,Object 2,6,8.55,600.01
451,,.trn,Object 1,6,6.15,Object 2,3,1.79,600.04
442,,.trn,Object 1,1,1.72,Object 2,7,5.87,82.14
441,,.trn,Object 1,0,0.00,Object 2,0,0.00,1.83
440,,.trn,Object 1,10,14.36,Object 2,10,16.17,600.04
450,,.trn,Object 1,6,9.63,Object 2,10,12.61,600.05
540,,.trn,Object 1,7,10.14,Object 2,5,6.76,600.01
550,,.trn,Object 1,0,0.00,Object 2,0,0.00,7.23
550,,.trn,Object 1,5,6.76,Object 2,7,9.65,600.07
541,,.trn,Object 1,6,6.87,Object 2,5,8.04,600.05
551,,.trn,Object 1,3,4.07,Object 2,1,1.25,600.02
640,,.trn,Object 1,1,0.82,Object 2,2,0.74,16.26
640,,.trn,Object 1,6,7.68,Object 2,12,13.57,600.02
650,,.trn,Object 1,3,3.32,Object 2,6,4.44,600.04
641,,.trn,Object 1,1,1.46,Object 2,3,3.69,600.01
651,,.trn,Object 1,1,1.07,Object 2,0,0.00,600.02
840,,.trn,Object 1,5,6.18,Object 2,8,6.90,138.82
840,,.trn,Object 1,9,8.75,Object 2,10,9.03,600.05
850,,.trn,Object 1,4,4.44,Object 2,8,6.39,600.02
841,,.trn,Object 1,5,4.52,Object 2,4,4.57,81.18
841,,.trn,Object 1,2,1.97,Object 2,1,2.93,11.22
841,,.trn,Object 1,5,4.38,Object 2,6,5.44,600.01
851,,.trn,Object 1,10,9.87,Object 2,7,4.23,600.05
